<?xml version="1.0" encoding="UTF-8"?>
<!-- Generated by org.testng.reporters.JUnitReportReporter -->
<testsuite ignored="0" hostname="RISHI-LENOVO" failures="0" tests="1" name="org.testing.testScripts.TC2_GetallRequest" time="0.146" errors="0" timestamp="28 Apr 2024 03:49:57 GMT" skipped="0">
  <testcase classname="org.testing.testScripts.TC2_GetallRequest" name="testcase2" time="0.146"/>
</testsuite> <!-- org.testing.testScripts.TC2_GetallRequest -->
