<?xml version="1.0" encoding="UTF-8"?>
<!-- Generated by org.testng.reporters.JUnitReportReporter -->
<testsuite ignored="0" hostname="RISHI-LENOVO" failures="0" tests="1" name="org.testing.testScripts.TC1_PostRequest" time="1.909" errors="0" timestamp="28 Apr 2024 03:49:57 GMT" skipped="0">
  <testcase classname="org.testing.testScripts.TC1_PostRequest" name="testcase1" time="1.909"/>
</testsuite> <!-- org.testing.testScripts.TC1_PostRequest -->
